c:\users\samamco\documents\visual studio 2013\projects\gamedevcoursework\bullet-2.82-r2704\build\src\bulletdynamics\bulletdynamics.dir\release\btraycastvehicle.obj
c:\users\samamco\documents\visual studio 2013\projects\gamedevcoursework\bullet-2.82-r2704\build\src\bulletdynamics\bulletdynamics.dir\release\bullet-c-api.obj
c:\users\samamco\documents\visual studio 2013\projects\gamedevcoursework\bullet-2.82-r2704\build\src\bulletdynamics\bulletdynamics.dir\release\btsimpledynamicsworld.obj
c:\users\samamco\documents\visual studio 2013\projects\gamedevcoursework\bullet-2.82-r2704\build\src\bulletdynamics\bulletdynamics.dir\release\btrigidbody.obj
c:\users\samamco\documents\visual studio 2013\projects\gamedevcoursework\bullet-2.82-r2704\build\src\bulletdynamics\bulletdynamics.dir\release\btdiscretedynamicsworld.obj
c:\users\samamco\documents\visual studio 2013\projects\gamedevcoursework\bullet-2.82-r2704\build\src\bulletdynamics\bulletdynamics.dir\release\btuniversalconstraint.obj
c:\users\samamco\documents\visual studio 2013\projects\gamedevcoursework\bullet-2.82-r2704\build\src\bulletdynamics\bulletdynamics.dir\release\bttypedconstraint.obj
c:\users\samamco\documents\visual studio 2013\projects\gamedevcoursework\bullet-2.82-r2704\build\src\bulletdynamics\bulletdynamics.dir\release\btsolve2linearconstraint.obj
c:\users\samamco\documents\visual studio 2013\projects\gamedevcoursework\bullet-2.82-r2704\build\src\bulletdynamics\bulletdynamics.dir\release\btsliderconstraint.obj
c:\users\samamco\documents\visual studio 2013\projects\gamedevcoursework\bullet-2.82-r2704\build\src\bulletdynamics\bulletdynamics.dir\release\btsequentialimpulseconstraintsolver.obj
c:\users\samamco\documents\visual studio 2013\projects\gamedevcoursework\bullet-2.82-r2704\build\src\bulletdynamics\bulletdynamics.dir\release\btpoint2pointconstraint.obj
c:\users\samamco\documents\visual studio 2013\projects\gamedevcoursework\bullet-2.82-r2704\build\src\bulletdynamics\bulletdynamics.dir\release\bthingeconstraint.obj
c:\users\samamco\documents\visual studio 2013\projects\gamedevcoursework\bullet-2.82-r2704\build\src\bulletdynamics\bulletdynamics.dir\release\bthinge2constraint.obj
c:\users\samamco\documents\visual studio 2013\projects\gamedevcoursework\bullet-2.82-r2704\build\src\bulletdynamics\bulletdynamics.dir\release\btgeneric6dofspringconstraint.obj
c:\users\samamco\documents\visual studio 2013\projects\gamedevcoursework\bullet-2.82-r2704\build\src\bulletdynamics\bulletdynamics.dir\release\btgeneric6dofconstraint.obj
c:\users\samamco\documents\visual studio 2013\projects\gamedevcoursework\bullet-2.82-r2704\build\src\bulletdynamics\bulletdynamics.dir\release\btgearconstraint.obj
c:\users\samamco\documents\visual studio 2013\projects\gamedevcoursework\bullet-2.82-r2704\build\src\bulletdynamics\bulletdynamics.dir\release\btfixedconstraint.obj
c:\users\samamco\documents\visual studio 2013\projects\gamedevcoursework\bullet-2.82-r2704\build\src\bulletdynamics\bulletdynamics.dir\release\btcontactconstraint.obj
c:\users\samamco\documents\visual studio 2013\projects\gamedevcoursework\bullet-2.82-r2704\build\src\bulletdynamics\bulletdynamics.dir\release\btconetwistconstraint.obj
c:\users\samamco\documents\visual studio 2013\projects\gamedevcoursework\bullet-2.82-r2704\build\src\bulletdynamics\bulletdynamics.dir\release\btkinematiccharactercontroller.obj
c:\users\samamco\documents\visual studio 2013\projects\gamedevcoursework\bullet-2.82-r2704\build\src\bulletdynamics\bulletdynamics.dir\release\btmlcpsolver.obj
c:\users\samamco\documents\visual studio 2013\projects\gamedevcoursework\bullet-2.82-r2704\build\src\bulletdynamics\bulletdynamics.dir\release\btdantziglcp.obj
c:\users\samamco\documents\visual studio 2013\projects\gamedevcoursework\bullet-2.82-r2704\build\src\bulletdynamics\bulletdynamics.dir\release\btmultibodyjointmotor.obj
c:\users\samamco\documents\visual studio 2013\projects\gamedevcoursework\bullet-2.82-r2704\build\src\bulletdynamics\bulletdynamics.dir\release\btmultibodypoint2point.obj
c:\users\samamco\documents\visual studio 2013\projects\gamedevcoursework\bullet-2.82-r2704\build\src\bulletdynamics\bulletdynamics.dir\release\btmultibodyconstraint.obj
c:\users\samamco\documents\visual studio 2013\projects\gamedevcoursework\bullet-2.82-r2704\build\src\bulletdynamics\bulletdynamics.dir\release\btmultibodyjointlimitconstraint.obj
c:\users\samamco\documents\visual studio 2013\projects\gamedevcoursework\bullet-2.82-r2704\build\src\bulletdynamics\bulletdynamics.dir\release\btmultibodydynamicsworld.obj
c:\users\samamco\documents\visual studio 2013\projects\gamedevcoursework\bullet-2.82-r2704\build\src\bulletdynamics\bulletdynamics.dir\release\btmultibodyconstraintsolver.obj
c:\users\samamco\documents\visual studio 2013\projects\gamedevcoursework\bullet-2.82-r2704\build\src\bulletdynamics\bulletdynamics.dir\release\btmultibody.obj
c:\users\samamco\documents\visual studio 2013\projects\gamedevcoursework\bullet-2.82-r2704\build\src\bulletdynamics\bulletdynamics.dir\release\btwheelinfo.obj
c:\users\samamco\documents\visual studio 2013\projects\gamedevcoursework\bullet-2.82-r2704\build\src\bulletdynamics\cmakefiles\generate.stamp
c:\users\samamco\documents\visual studio 2013\projects\gamedevcoursework\bullet-2.82-r2704\build\lib\release\bulletdynamics.lib
c:\users\samamco\documents\visual studio 2013\projects\gamedevcoursework\bullet-2.82-r2704\build\src\bulletdynamics\bulletdynamics.dir\release\bulletdynamics.tlog\cl.command.1.tlog
c:\users\samamco\documents\visual studio 2013\projects\gamedevcoursework\bullet-2.82-r2704\build\src\bulletdynamics\bulletdynamics.dir\release\bulletdynamics.tlog\cl.read.1.tlog
c:\users\samamco\documents\visual studio 2013\projects\gamedevcoursework\bullet-2.82-r2704\build\src\bulletdynamics\bulletdynamics.dir\release\bulletdynamics.tlog\cl.write.1.tlog
c:\users\samamco\documents\visual studio 2013\projects\gamedevcoursework\bullet-2.82-r2704\build\src\bulletdynamics\bulletdynamics.dir\release\bulletdynamics.tlog\custombuild.command.1.tlog
c:\users\samamco\documents\visual studio 2013\projects\gamedevcoursework\bullet-2.82-r2704\build\src\bulletdynamics\bulletdynamics.dir\release\bulletdynamics.tlog\custombuild.read.1.tlog
c:\users\samamco\documents\visual studio 2013\projects\gamedevcoursework\bullet-2.82-r2704\build\src\bulletdynamics\bulletdynamics.dir\release\bulletdynamics.tlog\custombuild.write.1.tlog
c:\users\samamco\documents\visual studio 2013\projects\gamedevcoursework\bullet-2.82-r2704\build\src\bulletdynamics\bulletdynamics.dir\release\bulletdynamics.tlog\lib-link.read.1.tlog
c:\users\samamco\documents\visual studio 2013\projects\gamedevcoursework\bullet-2.82-r2704\build\src\bulletdynamics\bulletdynamics.dir\release\bulletdynamics.tlog\lib-link.write.1.tlog
c:\users\samamco\documents\visual studio 2013\projects\gamedevcoursework\bullet-2.82-r2704\build\src\bulletdynamics\bulletdynamics.dir\release\bulletdynamics.tlog\lib.command.1.tlog
