c:\users\samamco\documents\visual studio 2013\projects\gamedevcoursework\gamedevcoursework\debug\gamedevcoursework.pch
c:\users\samamco\documents\visual studio 2013\projects\gamedevcoursework\gamedevcoursework\debug\vc120.pdb
c:\users\samamco\documents\visual studio 2013\projects\gamedevcoursework\gamedevcoursework\debug\vc120.idb
c:\users\samamco\documents\visual studio 2013\projects\gamedevcoursework\gamedevcoursework\debug\stdafx.obj
c:\users\samamco\documents\visual studio 2013\projects\gamedevcoursework\gamedevcoursework\debug\audiomanager.obj
c:\users\samamco\documents\visual studio 2013\projects\gamedevcoursework\gamedevcoursework\debug\game.obj
c:\users\samamco\documents\visual studio 2013\projects\gamedevcoursework\gamedevcoursework\debug\goal.obj
c:\users\samamco\documents\visual studio 2013\projects\gamedevcoursework\gamedevcoursework\debug\main.obj
c:\users\samamco\documents\visual studio 2013\projects\gamedevcoursework\gamedevcoursework\debug\mainmenuscene.obj
c:\users\samamco\documents\visual studio 2013\projects\gamedevcoursework\gamedevcoursework\debug\meshmanager.obj
c:\users\samamco\documents\visual studio 2013\projects\gamedevcoursework\gamedevcoursework\debug\player.obj
c:\users\samamco\documents\visual studio 2013\projects\gamedevcoursework\gamedevcoursework\debug\scene1.obj
c:\users\samamco\documents\visual studio 2013\projects\gamedevcoursework\gamedevcoursework\debug\shadermanager.obj
c:\users\samamco\documents\visual studio 2013\projects\gamedevcoursework\gamedevcoursework\debug\solidplatform.obj
c:\users\samamco\documents\visual studio 2013\projects\gamedevcoursework\gamedevcoursework\debug\texturemanager.obj
c:\users\samamco\documents\visual studio 2013\projects\gamedevcoursework\gamedevcoursework\debug\thirdpersoncamera.obj
c:\users\samamco\documents\visual studio 2013\projects\gamedevcoursework\gamedevcoursework\debug\youlosescene.obj
c:\users\samamco\documents\visual studio 2013\projects\gamedevcoursework\gamedevcoursework\debug\youwinscene.obj
c:\users\samamco\documents\visual studio 2013\projects\gamedevcoursework\gamedevcoursework\debug\matrix3.obj
c:\users\samamco\documents\visual studio 2013\projects\gamedevcoursework\gamedevcoursework\debug\matrix4.obj
c:\users\samamco\documents\visual studio 2013\projects\gamedevcoursework\gamedevcoursework\debug\mesh.obj
c:\users\samamco\documents\visual studio 2013\projects\gamedevcoursework\gamedevcoursework\debug\quaternion.obj
c:\users\samamco\documents\visual studio 2013\projects\gamedevcoursework\gamedevcoursework\debug\renderer.obj
c:\users\samamco\documents\visual studio 2013\projects\gamedevcoursework\gamedevcoursework\debug\renderobject.obj
c:\users\samamco\documents\visual studio 2013\projects\gamedevcoursework\gamedevcoursework\debug\shader.obj
c:\users\samamco\documents\visual studio 2013\projects\gamedevcoursework\gamedevcoursework\debug\gamedevcoursework.vcxprojresolveassemblyreference.cache
c:\users\samamco\documents\visual studio 2013\projects\gamedevcoursework\debug\gamedevcoursework.pdb
c:\users\samamco\documents\visual studio 2013\projects\gamedevcoursework\gamedevcoursework\debug\gamedevc.658552f9.tlog\cl.command.1.tlog
c:\users\samamco\documents\visual studio 2013\projects\gamedevcoursework\gamedevcoursework\debug\gamedevc.658552f9.tlog\cl.read.1.tlog
c:\users\samamco\documents\visual studio 2013\projects\gamedevcoursework\gamedevcoursework\debug\gamedevc.658552f9.tlog\cl.write.1.tlog
c:\users\samamco\documents\visual studio 2013\projects\gamedevcoursework\gamedevcoursework\debug\gamedevc.658552f9.tlog\link.9148-cvtres.read.1.tlog
c:\users\samamco\documents\visual studio 2013\projects\gamedevcoursework\gamedevcoursework\debug\gamedevc.658552f9.tlog\link.9148-cvtres.write.1.tlog
c:\users\samamco\documents\visual studio 2013\projects\gamedevcoursework\gamedevcoursework\debug\gamedevc.658552f9.tlog\link.9148-rc.read.1.tlog
c:\users\samamco\documents\visual studio 2013\projects\gamedevcoursework\gamedevcoursework\debug\gamedevc.658552f9.tlog\link.9148-rc.write.1.tlog
c:\users\samamco\documents\visual studio 2013\projects\gamedevcoursework\gamedevcoursework\debug\gamedevc.658552f9.tlog\link.9148.read.1.tlog
c:\users\samamco\documents\visual studio 2013\projects\gamedevcoursework\gamedevcoursework\debug\gamedevc.658552f9.tlog\link.9148.write.1.tlog
c:\users\samamco\documents\visual studio 2013\projects\gamedevcoursework\gamedevcoursework\debug\gamedevc.658552f9.tlog\link.command.1.tlog
c:\users\samamco\documents\visual studio 2013\projects\gamedevcoursework\gamedevcoursework\debug\gamedevc.658552f9.tlog\link.read.1.tlog
c:\users\samamco\documents\visual studio 2013\projects\gamedevcoursework\gamedevcoursework\debug\gamedevc.658552f9.tlog\link.write.1.tlog
