Build started 28/04/2015 00:28:38.
     1>Project "C:\Users\SamAmco\Documents\Visual Studio 2013\Projects\GameDevCoursework\GameDevCoursework\GameDevCoursework.vcxproj" on node 3 (Build target(s)).
     1>Link:
         C:\Program Files (x86)\Microsoft Visual Studio 12.0\VC\bin\link.exe /ERRORREPORT:PROMPT /OUT:"C:\Users\SamAmco\Documents\Visual Studio 2013\Projects\GameDevCoursework\Release\GameDevCoursework.exe" /INCREMENTAL:NO /NOLOGO /LIBPATH:"C:\Users\SamAmco\Documents\Visual Studio 2013\Projects\GameDevCoursework\SOIL\Release" /LIBPATH:"C:\Users\SamAmco\Documents\Visual Studio 2013\Projects\GameDevCoursework\SFML-2.2\lib" opengl32.lib glew.lib "sfml-system.lib" "sfml-audio.lib" "sfml-window.lib" "sfml-graphics.lib" SOIL.lib kernel32.lib user32.lib gdi32.lib winspool.lib comdlg32.lib advapi32.lib shell32.lib ole32.lib oleaut32.lib uuid.lib odbc32.lib odbccp32.lib /MANIFEST /MANIFESTUAC:"level='asInvoker' uiAccess='false'" /manifest:embed /DEBUG /PDB:"C:\Users\SamAmco\Documents\Visual Studio 2013\Projects\GameDevCoursework\Release\GameDevCoursework.pdb" /SUBSYSTEM:CONSOLE /OPT:REF /OPT:ICF /LTCG /TLBID:1 /DYNAMICBASE /NXCOMPAT /IMPLIB:"C:\Users\SamAmco\Documents\Visual Studio 2013\Projects\GameDevCoursework\Release\GameDevCoursework.lib" /MACHINE:X86 /SAFESEH Release\AudioManager.obj
         Release\Game.obj
         Release\Goal.obj
         Release\Matrix3.obj
         Release\Matrix4.obj
         Release\Mesh.obj
         Release\Quaternion.obj
         Release\Renderer.obj
         Release\RenderObject.obj
         Release\Shader.obj
         Release\main.obj
         Release\MainMenuScene.obj
         Release\MeshManager.obj
         Release\Player.obj
         Release\Scene1.obj
         Release\ShaderManager.obj
         Release\SolidPlatform.obj
         Release\stdafx.obj
         Release\TextureManager.obj
         Release\ThirdPersonCamera.obj
         Release\YouLoseScene.obj
         Release\YouWinScene.obj
         "C:\Users\SamAmco\Documents\Visual Studio 2013\Projects\GameDevCoursework\bullet-2.82-r2704\build\lib\Release\BulletCollision.lib"
         "C:\Users\SamAmco\Documents\Visual Studio 2013\Projects\GameDevCoursework\bullet-2.82-r2704\build\lib\Release\BulletDynamics.lib"
         "C:\Users\SamAmco\Documents\Visual Studio 2013\Projects\GameDevCoursework\bullet-2.82-r2704\build\lib\Release\LinearMath.lib"
         Generating code
         Finished generating code
     1>SOIL.lib(SOIL.obj) : warning LNK4099: PDB 'vc120.pdb' was not found with 'SOIL.lib(SOIL.obj)' or at 'C:\Users\SamAmco\Documents\Visual Studio 2013\Projects\GameDevCoursework\Release\vc120.pdb'; linking object as if no debug info
     1>SOIL.lib(stb_image_aug.obj) : warning LNK4099: PDB 'vc120.pdb' was not found with 'SOIL.lib(stb_image_aug.obj)' or at 'C:\Users\SamAmco\Documents\Visual Studio 2013\Projects\GameDevCoursework\Release\vc120.pdb'; linking object as if no debug info
     1>SOIL.lib(image_helper.obj) : warning LNK4099: PDB 'vc120.pdb' was not found with 'SOIL.lib(image_helper.obj)' or at 'C:\Users\SamAmco\Documents\Visual Studio 2013\Projects\GameDevCoursework\Release\vc120.pdb'; linking object as if no debug info
     1>SOIL.lib(image_DXT.obj) : warning LNK4099: PDB 'vc120.pdb' was not found with 'SOIL.lib(image_DXT.obj)' or at 'C:\Users\SamAmco\Documents\Visual Studio 2013\Projects\GameDevCoursework\Release\vc120.pdb'; linking object as if no debug info
         GameDevCoursework.vcxproj -> C:\Users\SamAmco\Documents\Visual Studio 2013\Projects\GameDevCoursework\Release\GameDevCoursework.exe
     1>Done Building Project "C:\Users\SamAmco\Documents\Visual Studio 2013\Projects\GameDevCoursework\GameDevCoursework\GameDevCoursework.vcxproj" (Build target(s)).

Build succeeded.

Time Elapsed 00:00:06.03
