Build started 05/03/2015 01:37:01.
     1>Project "C:\Users\SamAmco\Documents\Visual Studio 2013\Projects\GameDevCoursework\bullet-2.82-r2704\build\src\BulletCollision\BulletCollision.vcxproj" on node 2 (Build target(s)).
     1>CustomBuild:
         Building Custom Rule C:/Users/SamAmco/Documents/Visual Studio 2013/Projects/GameDevCoursework/bullet-2.82-r2704/src/BulletCollision/CMakeLists.txt
         CMake does not need to re-run because C:\Users\SamAmco\Documents\Visual Studio 2013\Projects\GameDevCoursework\bullet-2.82-r2704\build\src\BulletCollision\CMakeFiles\generate.stamp is up-to-date.
       ClCompile:
         C:\Program Files (x86)\Microsoft Visual Studio 12.0\VC\bin\CL.exe /c /I"C:\Users\SamAmco\Documents\Visual Studio 2013\Projects\GameDevCoursework\bullet-2.82-r2704\Glut" /I"C:\Users\SamAmco\Documents\Visual Studio 2013\Projects\GameDevCoursework\bullet-2.82-r2704\src" /nologo /W3 /WX- /O2 /Ob2 /Oy- /D WIN32 /D NDEBUG /D USE_GRAPHICAL_BENCHMARK /D _IRR_STATIC_LIB_ /D _CRT_SECURE_NO_WARNINGS /D _CRT_SECURE_NO_DEPRECATE /D _SCL_SECURE_NO_WARNINGS /D "CMAKE_INTDIR=\"Release\"" /D _MBCS /Gm- /EHsc /MDd /GS /arch:SSE /fp:fast /Zc:wchar_t /Zc:forScope /GR /Fo"BulletCollision.dir\Release\\" /Fd"BulletCollision.dir\Release\vc120.pdb" /Gd /TP /analyze- /errorReport:prompt "C:\Users\SamAmco\Documents\Visual Studio 2013\Projects\GameDevCoursework\bullet-2.82-r2704\src\BulletCollision\BroadphaseCollision\btAxisSweep3.cpp" "C:\Users\SamAmco\Documents\Visual Studio 2013\Projects\GameDevCoursework\bullet-2.82-r2704\src\BulletCollision\BroadphaseCollision\btBroadphaseProxy.cpp" "C:\Users\SamAmco\Documents\Visual Studio 2013\Projects\GameDevCoursework\bullet-2.82-r2704\src\BulletCollision\BroadphaseCollision\btCollisionAlgorithm.cpp" "C:\Users\SamAmco\Documents\Visual Studio 2013\Projects\GameDevCoursework\bullet-2.82-r2704\src\BulletCollision\BroadphaseCollision\btDbvt.cpp" "C:\Users\SamAmco\Documents\Visual Studio 2013\Projects\GameDevCoursework\bullet-2.82-r2704\src\BulletCollision\BroadphaseCollision\btDbvtBroadphase.cpp" "C:\Users\SamAmco\Documents\Visual Studio 2013\Projects\GameDevCoursework\bullet-2.82-r2704\src\BulletCollision\BroadphaseCollision\btDispatcher.cpp" "C:\Users\SamAmco\Documents\Visual Studio 2013\Projects\GameDevCoursework\bullet-2.82-r2704\src\BulletCollision\BroadphaseCollision\btMultiSapBroadphase.cpp" "C:\Users\SamAmco\Documents\Visual Studio 2013\Projects\GameDevCoursework\bullet-2.82-r2704\src\BulletCollision\BroadphaseCollision\btOverlappingPairCache.cpp" "C:\Users\SamAmco\Documents\Visual Studio 2013\Projects\GameDevCoursework\bullet-2.82-r2704\src\BulletCollision\BroadphaseCollision\btQuantizedBvh.cpp" "C:\Users\SamAmco\Documents\Visual Studio 2013\Projects\GameDevCoursework\bullet-2.82-r2704\src\BulletCollision\BroadphaseCollision\btSimpleBroadphase.cpp" "C:\Users\SamAmco\Documents\Visual Studio 2013\Projects\GameDevCoursework\bullet-2.82-r2704\src\BulletCollision\CollisionDispatch\btActivatingCollisionAlgorithm.cpp" "C:\Users\SamAmco\Documents\Visual Studio 2013\Projects\GameDevCoursework\bullet-2.82-r2704\src\BulletCollision\CollisionDispatch\btBoxBoxCollisionAlgorithm.cpp" "C:\Users\SamAmco\Documents\Visual Studio 2013\Projects\GameDevCoursework\bullet-2.82-r2704\src\BulletCollision\CollisionDispatch\btBox2dBox2dCollisionAlgorithm.cpp" "C:\Users\SamAmco\Documents\Visual Studio 2013\Projects\GameDevCoursework\bullet-2.82-r2704\src\BulletCollision\CollisionDispatch\btBoxBoxDetector.cpp" "C:\Users\SamAmco\Documents\Visual Studio 2013\Projects\GameDevCoursework\bullet-2.82-r2704\src\BulletCollision\CollisionDispatch\btCollisionDispatcher.cpp" "C:\Users\SamAmco\Documents\Visual Studio 2013\Projects\GameDevCoursework\bullet-2.82-r2704\src\BulletCollision\CollisionDispatch\btCollisionObject.cpp" "C:\Users\SamAmco\Documents\Visual Studio 2013\Projects\GameDevCoursework\bullet-2.82-r2704\src\BulletCollision\CollisionDispatch\btCollisionWorld.cpp" "C:\Users\SamAmco\Documents\Visual Studio 2013\Projects\GameDevCoursework\bullet-2.82-r2704\src\BulletCollision\CollisionDispatch\btCompoundCollisionAlgorithm.cpp" "C:\Users\SamAmco\Documents\Visual Studio 2013\Projects\GameDevCoursework\bullet-2.82-r2704\src\BulletCollision\CollisionDispatch\btCompoundCompoundCollisionAlgorithm.cpp" "C:\Users\SamAmco\Documents\Visual Studio 2013\Projects\GameDevCoursework\bullet-2.82-r2704\src\BulletCollision\CollisionDispatch\btConvexConcaveCollisionAlgorithm.cpp" "C:\Users\SamAmco\Documents\Visual Studio 2013\Projects\GameDevCoursework\bullet-2.82-r2704\src\BulletCollision\CollisionDispatch\btConvexConvexAlgorithm.cpp" "C:\Users\SamAmco\Documents\Visual Studio 2013\Projects\GameDevCoursework\bullet-2.82-r2704\src\BulletCollision\CollisionDispatch\btConvexPlaneCollisionAlgorithm.cpp" "C:\Users\SamAmco\Documents\Visual Studio 2013\Projects\GameDevCoursework\bullet-2.82-r2704\src\BulletCollision\CollisionDispatch\btConvex2dConvex2dAlgorithm.cpp" "C:\Users\SamAmco\Documents\Visual Studio 2013\Projects\GameDevCoursework\bullet-2.82-r2704\src\BulletCollision\CollisionDispatch\btDefaultCollisionConfiguration.cpp" "C:\Users\SamAmco\Documents\Visual Studio 2013\Projects\GameDevCoursework\bullet-2.82-r2704\src\BulletCollision\CollisionDispatch\btEmptyCollisionAlgorithm.cpp" "C:\Users\SamAmco\Documents\Visual Studio 2013\Projects\GameDevCoursework\bullet-2.82-r2704\src\BulletCollision\CollisionDispatch\btGhostObject.cpp" "C:\Users\SamAmco\Documents\Visual Studio 2013\Projects\GameDevCoursework\bullet-2.82-r2704\src\BulletCollision\CollisionDispatch\btHashedSimplePairCache.cpp" "C:\Users\SamAmco\Documents\Visual Studio 2013\Projects\GameDevCoursework\bullet-2.82-r2704\src\BulletCollision\CollisionDispatch\btInternalEdgeUtility.cpp" "C:\Users\SamAmco\Documents\Visual Studio 2013\Projects\GameDevCoursework\bullet-2.82-r2704\src\BulletCollision\CollisionDispatch\btManifoldResult.cpp" "C:\Users\SamAmco\Documents\Visual Studio 2013\Projects\GameDevCoursework\bullet-2.82-r2704\src\BulletCollision\CollisionDispatch\btSimulationIslandManager.cpp" "C:\Users\SamAmco\Documents\Visual Studio 2013\Projects\GameDevCoursework\bullet-2.82-r2704\src\BulletCollision\CollisionDispatch\btSphereBoxCollisionAlgorithm.cpp" "C:\Users\SamAmco\Documents\Visual Studio 2013\Projects\GameDevCoursework\bullet-2.82-r2704\src\BulletCollision\CollisionDispatch\btSphereSphereCollisionAlgorithm.cpp" "C:\Users\SamAmco\Documents\Visual Studio 2013\Projects\GameDevCoursework\bullet-2.82-r2704\src\BulletCollision\CollisionDispatch\btSphereTriangleCollisionAlgorithm.cpp" "C:\Users\SamAmco\Documents\Visual Studio 2013\Projects\GameDevCoursework\bullet-2.82-r2704\src\BulletCollision\CollisionDispatch\btUnionFind.cpp" "C:\Users\SamAmco\Documents\Visual Studio 2013\Projects\GameDevCoursework\bullet-2.82-r2704\src\BulletCollision\CollisionDispatch\SphereTriangleDetector.cpp" "C:\Users\SamAmco\Documents\Visual Studio 2013\Projects\GameDevCoursework\bullet-2.82-r2704\src\BulletCollision\CollisionShapes\btBoxShape.cpp" "C:\Users\SamAmco\Documents\Visual Studio 2013\Projects\GameDevCoursework\bullet-2.82-r2704\src\BulletCollision\CollisionShapes\btBox2dShape.cpp" "C:\Users\SamAmco\Documents\Visual Studio 2013\Projects\GameDevCoursework\bullet-2.82-r2704\src\BulletCollision\CollisionShapes\btBvhTriangleMeshShape.cpp" "C:\Users\SamAmco\Documents\Visual Studio 2013\Projects\GameDevCoursework\bullet-2.82-r2704\src\BulletCollision\CollisionShapes\btCapsuleShape.cpp" "C:\Users\SamAmco\Documents\Visual Studio 2013\Projects\GameDevCoursework\bullet-2.82-r2704\src\BulletCollision\CollisionShapes\btCollisionShape.cpp" "C:\Users\SamAmco\Documents\Visual Studio 2013\Projects\GameDevCoursework\bullet-2.82-r2704\src\BulletCollision\CollisionShapes\btCompoundShape.cpp" "C:\Users\SamAmco\Documents\Visual Studio 2013\Projects\GameDevCoursework\bullet-2.82-r2704\src\BulletCollision\CollisionShapes\btConcaveShape.cpp" "C:\Users\SamAmco\Documents\Visual Studio 2013\Projects\GameDevCoursework\bullet-2.82-r2704\src\BulletCollision\CollisionShapes\btConeShape.cpp" "C:\Users\SamAmco\Documents\Visual Studio 2013\Projects\GameDevCoursework\bullet-2.82-r2704\src\BulletCollision\CollisionShapes\btConvexHullShape.cpp" "C:\Users\SamAmco\Documents\Visual Studio 2013\Projects\GameDevCoursework\bullet-2.82-r2704\src\BulletCollision\CollisionShapes\btConvexInternalShape.cpp" "C:\Users\SamAmco\Documents\Visual Studio 2013\Projects\GameDevCoursework\bullet-2.82-r2704\src\BulletCollision\CollisionShapes\btConvexPointCloudShape.cpp" "C:\Users\SamAmco\Documents\Visual Studio 2013\Projects\GameDevCoursework\bullet-2.82-r2704\src\BulletCollision\CollisionShapes\btConvexPolyhedron.cpp" "C:\Users\SamAmco\Documents\Visual Studio 2013\Projects\GameDevCoursework\bullet-2.82-r2704\src\BulletCollision\CollisionShapes\btConvexShape.cpp" "C:\Users\SamAmco\Documents\Visual Studio 2013\Projects\GameDevCoursework\bullet-2.82-r2704\src\BulletCollision\CollisionShapes\btConvex2dShape.cpp" "C:\Users\SamAmco\Documents\Visual Studio 2013\Projects\GameDevCoursework\bullet-2.82-r2704\src\BulletCollision\CollisionShapes\btConvexTriangleMeshShape.cpp" "C:\Users\SamAmco\Documents\Visual Studio 2013\Projects\GameDevCoursework\bullet-2.82-r2704\src\BulletCollision\CollisionShapes\btCylinderShape.cpp" "C:\Users\SamAmco\Documents\Visual Studio 2013\Projects\GameDevCoursework\bullet-2.82-r2704\src\BulletCollision\CollisionShapes\btEmptyShape.cpp" "C:\Users\SamAmco\Documents\Visual Studio 2013\Projects\GameDevCoursework\bullet-2.82-r2704\src\BulletCollision\CollisionShapes\btHeightfieldTerrainShape.cpp" "C:\Users\SamAmco\Documents\Visual Studio 2013\Projects\GameDevCoursework\bullet-2.82-r2704\src\BulletCollision\CollisionShapes\btMinkowskiSumShape.cpp" "C:\Users\SamAmco\Documents\Visual Studio 2013\Projects\GameDevCoursework\bullet-2.82-r2704\src\BulletCollision\CollisionShapes\btMultimaterialTriangleMeshShape.cpp" "C:\Users\SamAmco\Documents\Visual Studio 2013\Projects\GameDevCoursework\bullet-2.82-r2704\src\BulletCollision\CollisionShapes\btMultiSphereShape.cpp" "C:\Users\SamAmco\Documents\Visual Studio 2013\Projects\GameDevCoursework\bullet-2.82-r2704\src\BulletCollision\CollisionShapes\btOptimizedBvh.cpp" "C:\Users\SamAmco\Documents\Visual Studio 2013\Projects\GameDevCoursework\bullet-2.82-r2704\src\BulletCollision\CollisionShapes\btPolyhedralConvexShape.cpp" "C:\Users\SamAmco\Documents\Visual Studio 2013\Projects\GameDevCoursework\bullet-2.82-r2704\src\BulletCollision\CollisionShapes\btScaledBvhTriangleMeshShape.cpp" "C:\Users\SamAmco\Documents\Visual Studio 2013\Projects\GameDevCoursework\bullet-2.82-r2704\src\BulletCollision\CollisionShapes\btShapeHull.cpp" "C:\Users\SamAmco\Documents\Visual Studio 2013\Projects\GameDevCoursework\bullet-2.82-r2704\src\BulletCollision\CollisionShapes\btSphereShape.cpp" "C:\Users\SamAmco\Documents\Visual Studio 2013\Projects\GameDevCoursework\bullet-2.82-r2704\src\BulletCollision\CollisionShapes\btStaticPlaneShape.cpp" "C:\Users\SamAmco\Documents\Visual Studio 2013\Projects\GameDevCoursework\bullet-2.82-r2704\src\BulletCollision\CollisionShapes\btStridingMeshInterface.cpp" "C:\Users\SamAmco\Documents\Visual Studio 2013\Projects\GameDevCoursework\bullet-2.82-r2704\src\BulletCollision\CollisionShapes\btTetrahedronShape.cpp" "C:\Users\SamAmco\Documents\Visual Studio 2013\Projects\GameDevCoursework\bullet-2.82-r2704\src\BulletCollision\CollisionShapes\btTriangleBuffer.cpp" "C:\Users\SamAmco\Documents\Visual Studio 2013\Projects\GameDevCoursework\bullet-2.82-r2704\src\BulletCollision\CollisionShapes\btTriangleCallback.cpp" "C:\Users\SamAmco\Documents\Visual Studio 2013\Projects\GameDevCoursework\bullet-2.82-r2704\src\BulletCollision\CollisionShapes\btTriangleIndexVertexArray.cpp" "C:\Users\SamAmco\Documents\Visual Studio 2013\Projects\GameDevCoursework\bullet-2.82-r2704\src\BulletCollision\CollisionShapes\btTriangleIndexVertexMaterialArray.cpp" "C:\Users\SamAmco\Documents\Visual Studio 2013\Projects\GameDevCoursework\bullet-2.82-r2704\src\BulletCollision\CollisionShapes\btTriangleMesh.cpp" "C:\Users\SamAmco\Documents\Visual Studio 2013\Projects\GameDevCoursework\bullet-2.82-r2704\src\BulletCollision\CollisionShapes\btTriangleMeshShape.cpp" "C:\Users\SamAmco\Documents\Visual Studio 2013\Projects\GameDevCoursework\bullet-2.82-r2704\src\BulletCollision\CollisionShapes\btUniformScalingShape.cpp" "C:\Users\SamAmco\Documents\Visual Studio 2013\Projects\GameDevCoursework\bullet-2.82-r2704\src\BulletCollision\Gimpact\btContactProcessing.cpp" "C:\Users\SamAmco\Documents\Visual Studio 2013\Projects\GameDevCoursework\bullet-2.82-r2704\src\BulletCollision\Gimpact\btGenericPoolAllocator.cpp" "C:\Users\SamAmco\Documents\Visual Studio 2013\Projects\GameDevCoursework\bullet-2.82-r2704\src\BulletCollision\Gimpact\btGImpactBvh.cpp" "C:\Users\SamAmco\Documents\Visual Studio 2013\Projects\GameDevCoursework\bullet-2.82-r2704\src\BulletCollision\Gimpact\btGImpactCollisionAlgorithm.cpp" "C:\Users\SamAmco\Documents\Visual Studio 2013\Projects\GameDevCoursework\bullet-2.82-r2704\src\BulletCollision\Gimpact\btGImpactQuantizedBvh.cpp" "C:\Users\SamAmco\Documents\Visual Studio 2013\Projects\GameDevCoursework\bullet-2.82-r2704\src\BulletCollision\Gimpact\btGImpactShape.cpp" "C:\Users\SamAmco\Documents\Visual Studio 2013\Projects\GameDevCoursework\bullet-2.82-r2704\src\BulletCollision\Gimpact\btTriangleShapeEx.cpp" "C:\Users\SamAmco\Documents\Visual Studio 2013\Projects\GameDevCoursework\bullet-2.82-r2704\src\BulletCollision\Gimpact\gim_box_set.cpp" "C:\Users\SamAmco\Documents\Visual Studio 2013\Projects\GameDevCoursework\bullet-2.82-r2704\src\BulletCollision\Gimpact\gim_contact.cpp" "C:\Users\SamAmco\Documents\Visual Studio 2013\Projects\GameDevCoursework\bullet-2.82-r2704\src\BulletCollision\Gimpact\gim_memory.cpp" "C:\Users\SamAmco\Documents\Visual Studio 2013\Projects\GameDevCoursework\bullet-2.82-r2704\src\BulletCollision\Gimpact\gim_tri_collision.cpp" "C:\Users\SamAmco\Documents\Visual Studio 2013\Projects\GameDevCoursework\bullet-2.82-r2704\src\BulletCollision\NarrowPhaseCollision\btContinuousConvexCollision.cpp" "C:\Users\SamAmco\Documents\Visual Studio 2013\Projects\GameDevCoursework\bullet-2.82-r2704\src\BulletCollision\NarrowPhaseCollision\btConvexCast.cpp" "C:\Users\SamAmco\Documents\Visual Studio 2013\Projects\GameDevCoursework\bullet-2.82-r2704\src\BulletCollision\NarrowPhaseCollision\btGjkConvexCast.cpp" "C:\Users\SamAmco\Documents\Visual Studio 2013\Projects\GameDevCoursework\bullet-2.82-r2704\src\BulletCollision\NarrowPhaseCollision\btGjkEpa2.cpp" "C:\Users\SamAmco\Documents\Visual Studio 2013\Projects\GameDevCoursework\bullet-2.82-r2704\src\BulletCollision\NarrowPhaseCollision\btGjkEpaPenetrationDepthSolver.cpp" "C:\Users\SamAmco\Documents\Visual Studio 2013\Projects\GameDevCoursework\bullet-2.82-r2704\src\BulletCollision\NarrowPhaseCollision\btGjkPairDetector.cpp" "C:\Users\SamAmco\Documents\Visual Studio 2013\Projects\GameDevCoursework\bullet-2.82-r2704\src\BulletCollision\NarrowPhaseCollision\btMinkowskiPenetrationDepthSolver.cpp" "C:\Users\SamAmco\Documents\Visual Studio 2013\Projects\GameDevCoursework\bullet-2.82-r2704\src\BulletCollision\NarrowPhaseCollision\btPersistentManifold.cpp" "C:\Users\SamAmco\Documents\Visual Studio 2013\Projects\GameDevCoursework\bullet-2.82-r2704\src\BulletCollision\NarrowPhaseCollision\btRaycastCallback.cpp" "C:\Users\SamAmco\Documents\Visual Studio 2013\Projects\GameDevCoursework\bullet-2.82-r2704\src\BulletCollision\NarrowPhaseCollision\btSubSimplexConvexCast.cpp" "C:\Users\SamAmco\Documents\Visual Studio 2013\Projects\GameDevCoursework\bullet-2.82-r2704\src\BulletCollision\NarrowPhaseCollision\btVoronoiSimplexSolver.cpp" "C:\Users\SamAmco\Documents\Visual Studio 2013\Projects\GameDevCoursework\bullet-2.82-r2704\src\BulletCollision\NarrowPhaseCollision\btPolyhedralContactClipping.cpp"
         btAxisSweep3.cpp
         btBroadphaseProxy.cpp
         btCollisionAlgorithm.cpp
         btDbvt.cpp
         btDbvtBroadphase.cpp
         btDispatcher.cpp
         btMultiSapBroadphase.cpp
         btOverlappingPairCache.cpp
         btQuantizedBvh.cpp
         btSimpleBroadphase.cpp
         btActivatingCollisionAlgorithm.cpp
         btBoxBoxCollisionAlgorithm.cpp
         btBox2dBox2dCollisionAlgorithm.cpp
         btBoxBoxDetector.cpp
         btCollisionDispatcher.cpp
         btCollisionObject.cpp
         btCollisionWorld.cpp
         btCompoundCollisionAlgorithm.cpp
         btCompoundCompoundCollisionAlgorithm.cpp
         btConvexConcaveCollisionAlgorithm.cpp
         Generating Code...
         Compiling...
         btConvexConvexAlgorithm.cpp
         btConvexPlaneCollisionAlgorithm.cpp
         btConvex2dConvex2dAlgorithm.cpp
         btDefaultCollisionConfiguration.cpp
         btEmptyCollisionAlgorithm.cpp
         btGhostObject.cpp
         btHashedSimplePairCache.cpp
         btInternalEdgeUtility.cpp
         btManifoldResult.cpp
         btSimulationIslandManager.cpp
         btSphereBoxCollisionAlgorithm.cpp
         btSphereSphereCollisionAlgorithm.cpp
         btSphereTriangleCollisionAlgorithm.cpp
         btUnionFind.cpp
         SphereTriangleDetector.cpp
         btBoxShape.cpp
         btBox2dShape.cpp
         btBvhTriangleMeshShape.cpp
         btCapsuleShape.cpp
         btCollisionShape.cpp
         Generating Code...
         Compiling...
         btCompoundShape.cpp
         btConcaveShape.cpp
         btConeShape.cpp
         btConvexHullShape.cpp
         btConvexInternalShape.cpp
         btConvexPointCloudShape.cpp
         btConvexPolyhedron.cpp
         btConvexShape.cpp
         btConvex2dShape.cpp
         btConvexTriangleMeshShape.cpp
         btCylinderShape.cpp
         btEmptyShape.cpp
         btHeightfieldTerrainShape.cpp
         btMinkowskiSumShape.cpp
         btMultimaterialTriangleMeshShape.cpp
         btMultiSphereShape.cpp
         btOptimizedBvh.cpp
         btPolyhedralConvexShape.cpp
         btScaledBvhTriangleMeshShape.cpp
         btShapeHull.cpp
         Generating Code...
         Compiling...
         btSphereShape.cpp
         btStaticPlaneShape.cpp
         btStridingMeshInterface.cpp
         btTetrahedronShape.cpp
         btTriangleBuffer.cpp
         btTriangleCallback.cpp
         btTriangleIndexVertexArray.cpp
         btTriangleIndexVertexMaterialArray.cpp
         btTriangleMesh.cpp
         btTriangleMeshShape.cpp
         btUniformScalingShape.cpp
         btContactProcessing.cpp
         btGenericPoolAllocator.cpp
         btGImpactBvh.cpp
         btGImpactCollisionAlgorithm.cpp
         btGImpactQuantizedBvh.cpp
         btGImpactShape.cpp
         btTriangleShapeEx.cpp
         gim_box_set.cpp
         gim_contact.cpp
         Generating Code...
         Compiling...
         gim_memory.cpp
         gim_tri_collision.cpp
         btContinuousConvexCollision.cpp
         btConvexCast.cpp
         btGjkConvexCast.cpp
         btGjkEpa2.cpp
         btGjkEpaPenetrationDepthSolver.cpp
         btGjkPairDetector.cpp
         btMinkowskiPenetrationDepthSolver.cpp
         btPersistentManifold.cpp
         btRaycastCallback.cpp
         btSubSimplexConvexCast.cpp
         btVoronoiSimplexSolver.cpp
         btPolyhedralContactClipping.cpp
         Generating Code...
       Lib:
         C:\Program Files (x86)\Microsoft Visual Studio 12.0\VC\bin\Lib.exe /OUT:"C:\Users\SamAmco\Documents\Visual Studio 2013\Projects\GameDevCoursework\bullet-2.82-r2704\build\lib\Release\BulletCollision.lib" /NOLOGO BulletCollision.dir\Release\btAxisSweep3.obj
         BulletCollision.dir\Release\btBroadphaseProxy.obj
         BulletCollision.dir\Release\btCollisionAlgorithm.obj
         BulletCollision.dir\Release\btDbvt.obj
         BulletCollision.dir\Release\btDbvtBroadphase.obj
         BulletCollision.dir\Release\btDispatcher.obj
         BulletCollision.dir\Release\btMultiSapBroadphase.obj
         BulletCollision.dir\Release\btOverlappingPairCache.obj
         BulletCollision.dir\Release\btQuantizedBvh.obj
         BulletCollision.dir\Release\btSimpleBroadphase.obj
         BulletCollision.dir\Release\btActivatingCollisionAlgorithm.obj
         BulletCollision.dir\Release\btBoxBoxCollisionAlgorithm.obj
         BulletCollision.dir\Release\btBox2dBox2dCollisionAlgorithm.obj
         BulletCollision.dir\Release\btBoxBoxDetector.obj
         BulletCollision.dir\Release\btCollisionDispatcher.obj
         BulletCollision.dir\Release\btCollisionObject.obj
         BulletCollision.dir\Release\btCollisionWorld.obj
         BulletCollision.dir\Release\btCompoundCollisionAlgorithm.obj
         BulletCollision.dir\Release\btCompoundCompoundCollisionAlgorithm.obj
         BulletCollision.dir\Release\btConvexConcaveCollisionAlgorithm.obj
         BulletCollision.dir\Release\btConvexConvexAlgorithm.obj
         BulletCollision.dir\Release\btConvexPlaneCollisionAlgorithm.obj
         BulletCollision.dir\Release\btConvex2dConvex2dAlgorithm.obj
         BulletCollision.dir\Release\btDefaultCollisionConfiguration.obj
         BulletCollision.dir\Release\btEmptyCollisionAlgorithm.obj
         BulletCollision.dir\Release\btGhostObject.obj
         BulletCollision.dir\Release\btHashedSimplePairCache.obj
         BulletCollision.dir\Release\btInternalEdgeUtility.obj
         BulletCollision.dir\Release\btManifoldResult.obj
         BulletCollision.dir\Release\btSimulationIslandManager.obj
         BulletCollision.dir\Release\btSphereBoxCollisionAlgorithm.obj
         BulletCollision.dir\Release\btSphereSphereCollisionAlgorithm.obj
         BulletCollision.dir\Release\btSphereTriangleCollisionAlgorithm.obj
         BulletCollision.dir\Release\btUnionFind.obj
         BulletCollision.dir\Release\SphereTriangleDetector.obj
         BulletCollision.dir\Release\btBoxShape.obj
         BulletCollision.dir\Release\btBox2dShape.obj
         BulletCollision.dir\Release\btBvhTriangleMeshShape.obj
         BulletCollision.dir\Release\btCapsuleShape.obj
         BulletCollision.dir\Release\btCollisionShape.obj
         BulletCollision.dir\Release\btCompoundShape.obj
         BulletCollision.dir\Release\btConcaveShape.obj
         BulletCollision.dir\Release\btConeShape.obj
         BulletCollision.dir\Release\btConvexHullShape.obj
         BulletCollision.dir\Release\btConvexInternalShape.obj
         BulletCollision.dir\Release\btConvexPointCloudShape.obj
         BulletCollision.dir\Release\btConvexPolyhedron.obj
         BulletCollision.dir\Release\btConvexShape.obj
         BulletCollision.dir\Release\btConvex2dShape.obj
         BulletCollision.dir\Release\btConvexTriangleMeshShape.obj
         BulletCollision.dir\Release\btCylinderShape.obj
         BulletCollision.dir\Release\btEmptyShape.obj
         BulletCollision.dir\Release\btHeightfieldTerrainShape.obj
         BulletCollision.dir\Release\btMinkowskiSumShape.obj
         BulletCollision.dir\Release\btMultimaterialTriangleMeshShape.obj
         BulletCollision.dir\Release\btMultiSphereShape.obj
         BulletCollision.dir\Release\btOptimizedBvh.obj
         BulletCollision.dir\Release\btPolyhedralConvexShape.obj
         BulletCollision.dir\Release\btScaledBvhTriangleMeshShape.obj
         BulletCollision.dir\Release\btShapeHull.obj
         BulletCollision.dir\Release\btSphereShape.obj
         BulletCollision.dir\Release\btStaticPlaneShape.obj
         BulletCollision.dir\Release\btStridingMeshInterface.obj
         BulletCollision.dir\Release\btTetrahedronShape.obj
         BulletCollision.dir\Release\btTriangleBuffer.obj
         BulletCollision.dir\Release\btTriangleCallback.obj
         BulletCollision.dir\Release\btTriangleIndexVertexArray.obj
         BulletCollision.dir\Release\btTriangleIndexVertexMaterialArray.obj
         BulletCollision.dir\Release\btTriangleMesh.obj
         BulletCollision.dir\Release\btTriangleMeshShape.obj
         BulletCollision.dir\Release\btUniformScalingShape.obj
         BulletCollision.dir\Release\btContactProcessing.obj
         BulletCollision.dir\Release\btGenericPoolAllocator.obj
         BulletCollision.dir\Release\btGImpactBvh.obj
         BulletCollision.dir\Release\btGImpactCollisionAlgorithm.obj
         BulletCollision.dir\Release\btGImpactQuantizedBvh.obj
         BulletCollision.dir\Release\btGImpactShape.obj
         BulletCollision.dir\Release\btTriangleShapeEx.obj
         BulletCollision.dir\Release\gim_box_set.obj
         BulletCollision.dir\Release\gim_contact.obj
         BulletCollision.dir\Release\gim_memory.obj
         BulletCollision.dir\Release\gim_tri_collision.obj
         BulletCollision.dir\Release\btContinuousConvexCollision.obj
         BulletCollision.dir\Release\btConvexCast.obj
         BulletCollision.dir\Release\btGjkConvexCast.obj
         BulletCollision.dir\Release\btGjkEpa2.obj
         BulletCollision.dir\Release\btGjkEpaPenetrationDepthSolver.obj
         BulletCollision.dir\Release\btGjkPairDetector.obj
         BulletCollision.dir\Release\btMinkowskiPenetrationDepthSolver.obj
         BulletCollision.dir\Release\btPersistentManifold.obj
         BulletCollision.dir\Release\btRaycastCallback.obj
         BulletCollision.dir\Release\btSubSimplexConvexCast.obj
         BulletCollision.dir\Release\btVoronoiSimplexSolver.obj
         BulletCollision.dir\Release\btPolyhedralContactClipping.obj
     1>btBroadphaseProxy.obj : warning LNK4221: This object file does not define any previously undefined public symbols, so it will not be used by any link operation that consumes this library
         BulletCollision.vcxproj -> C:\Users\SamAmco\Documents\Visual Studio 2013\Projects\GameDevCoursework\bullet-2.82-r2704\build\lib\Release\BulletCollision.lib
     1>Done Building Project "C:\Users\SamAmco\Documents\Visual Studio 2013\Projects\GameDevCoursework\bullet-2.82-r2704\build\src\BulletCollision\BulletCollision.vcxproj" (Build target(s)).

Build succeeded.

Time Elapsed 00:00:44.05
