Build started 28/04/2015 00:27:59.
     1>Project "C:\Users\SamAmco\Documents\Visual Studio 2013\Projects\GameDevCoursework\bullet-2.82-r2704\build\src\LinearMath\LinearMath.vcxproj" on node 3 (Build target(s)).
     1>ClCompile:
         C:\Program Files (x86)\Microsoft Visual Studio 12.0\VC\bin\CL.exe /c /I"C:\Users\SamAmco\Documents\Visual Studio 2013\Projects\GameDevCoursework\bullet-2.82-r2704\Glut" /I"C:\Users\SamAmco\Documents\Visual Studio 2013\Projects\GameDevCoursework\bullet-2.82-r2704\src" /nologo /W3 /WX- /O2 /Ob2 /Oy- /D WIN32 /D NDEBUG /D USE_GRAPHICAL_BENCHMARK /D _IRR_STATIC_LIB_ /D _CRT_SECURE_NO_WARNINGS /D _CRT_SECURE_NO_DEPRECATE /D _SCL_SECURE_NO_WARNINGS /D "CMAKE_INTDIR=\"Release\"" /D _MBCS /Gm- /EHsc /MD /GS /arch:SSE /fp:fast /Zc:wchar_t /Zc:forScope /GR /Fo"LinearMath.dir\Release\\" /Fd"LinearMath.dir\Release\vc120.pdb" /Gd /TP /analyze- /errorReport:prompt "C:\Users\SamAmco\Documents\Visual Studio 2013\Projects\GameDevCoursework\bullet-2.82-r2704\src\LinearMath\btAlignedAllocator.cpp" "C:\Users\SamAmco\Documents\Visual Studio 2013\Projects\GameDevCoursework\bullet-2.82-r2704\src\LinearMath\btConvexHull.cpp" "C:\Users\SamAmco\Documents\Visual Studio 2013\Projects\GameDevCoursework\bullet-2.82-r2704\src\LinearMath\btConvexHullComputer.cpp" "C:\Users\SamAmco\Documents\Visual Studio 2013\Projects\GameDevCoursework\bullet-2.82-r2704\src\LinearMath\btGeometryUtil.cpp" "C:\Users\SamAmco\Documents\Visual Studio 2013\Projects\GameDevCoursework\bullet-2.82-r2704\src\LinearMath\btPolarDecomposition.cpp" "C:\Users\SamAmco\Documents\Visual Studio 2013\Projects\GameDevCoursework\bullet-2.82-r2704\src\LinearMath\btQuickprof.cpp" "C:\Users\SamAmco\Documents\Visual Studio 2013\Projects\GameDevCoursework\bullet-2.82-r2704\src\LinearMath\btSerializer.cpp" "C:\Users\SamAmco\Documents\Visual Studio 2013\Projects\GameDevCoursework\bullet-2.82-r2704\src\LinearMath\btVector3.cpp"
         btAlignedAllocator.cpp
         btConvexHull.cpp
         btConvexHullComputer.cpp
         btGeometryUtil.cpp
         btPolarDecomposition.cpp
         btQuickprof.cpp
         btSerializer.cpp
         btVector3.cpp
         Generating Code...
       Lib:
         C:\Program Files (x86)\Microsoft Visual Studio 12.0\VC\bin\Lib.exe /OUT:"C:\Users\SamAmco\Documents\Visual Studio 2013\Projects\GameDevCoursework\bullet-2.82-r2704\build\lib\Release\LinearMath.lib" /NOLOGO LinearMath.dir\Release\btAlignedAllocator.obj
         LinearMath.dir\Release\btConvexHull.obj
         LinearMath.dir\Release\btConvexHullComputer.obj
         LinearMath.dir\Release\btGeometryUtil.obj
         LinearMath.dir\Release\btPolarDecomposition.obj
         LinearMath.dir\Release\btQuickprof.obj
         LinearMath.dir\Release\btSerializer.obj
         LinearMath.dir\Release\btVector3.obj
         LinearMath.vcxproj -> C:\Users\SamAmco\Documents\Visual Studio 2013\Projects\GameDevCoursework\bullet-2.82-r2704\build\lib\Release\LinearMath.lib
     1>Done Building Project "C:\Users\SamAmco\Documents\Visual Studio 2013\Projects\GameDevCoursework\bullet-2.82-r2704\build\src\LinearMath\LinearMath.vcxproj" (Build target(s)).

Build succeeded.

Time Elapsed 00:00:04.77
